<?xml version="1.0" encoding="UTF-8"?>
<testsuite xmlns:xsi="http://www.w3.org/2001/XMLSchema-instance" xsi:noNamespaceSchemaLocation="https://maven.apache.org/surefire/maven-surefire-plugin/xsd/surefire-test-report-3.0.xsd" version="3.0" name="TestSuite" time="38.813" tests="17" errors="0" skipped="0" failures="0">
  <properties>
    <property name="sun.desktop" value="windows"/>
    <property name="awt.toolkit" value="sun.awt.windows.WToolkit"/>
    <property name="file.encoding.pkg" value="sun.io"/>
    <property name="java.specification.version" value="1.8"/>
    <property name="sun.cpu.isalist" value="amd64"/>
    <property name="sun.jnu.encoding" value="Cp1252"/>
    <property name="java.class.path" value="D:\automation\Rest_Assured\target\test-classes;D:\automation\Rest_Assured\target\classes;C:\Users\costrategix\.m2\repository\mysql\mysql-connector-java\8.0.20\mysql-connector-java-8.0.20.jar;C:\Users\costrategix\.m2\repository\com\google\protobuf\protobuf-java\3.6.1\protobuf-java-3.6.1.jar;C:\Users\costrategix\.m2\repository\junit\junit\4.12\junit-4.12.jar;C:\Users\costrategix\.m2\repository\org\hamcrest\hamcrest-core\1.3\hamcrest-core-1.3.jar;C:\Users\costrategix\.m2\repository\io\rest-assured\rest-assured\3.3.0\rest-assured-3.3.0.jar;C:\Users\costrategix\.m2\repository\org\codehaus\groovy\groovy\2.4.15\groovy-2.4.15.jar;C:\Users\costrategix\.m2\repository\org\codehaus\groovy\groovy-xml\2.4.15\groovy-xml-2.4.15.jar;C:\Users\costrategix\.m2\repository\org\apache\httpcomponents\httpclient\4.5.3\httpclient-4.5.3.jar;C:\Users\costrategix\.m2\repository\org\apache\httpcomponents\httpcore\4.4.6\httpcore-4.4.6.jar;C:\Users\costrategix\.m2\repository\commons-logging\commons-logging\1.2\commons-logging-1.2.jar;C:\Users\costrategix\.m2\repository\org\apache\httpcomponents\httpmime\4.5.3\httpmime-4.5.3.jar;C:\Users\costrategix\.m2\repository\org\hamcrest\hamcrest-library\1.3\hamcrest-library-1.3.jar;C:\Users\costrategix\.m2\repository\org\ccil\cowan\tagsoup\tagsoup\1.2.1\tagsoup-1.2.1.jar;C:\Users\costrategix\.m2\repository\io\rest-assured\json-path\4.3.0\json-path-4.3.0.jar;C:\Users\costrategix\.m2\repository\org\codehaus\groovy\groovy-json\3.0.2\groovy-json-3.0.2.jar;C:\Users\costrategix\.m2\repository\io\rest-assured\rest-assured-common\4.3.0\rest-assured-common-4.3.0.jar;C:\Users\costrategix\.m2\repository\io\rest-assured\xml-path\4.3.0\xml-path-4.3.0.jar;C:\Users\costrategix\.m2\repository\org\apache\commons\commons-lang3\3.4\commons-lang3-3.4.jar;C:\Users\costrategix\.m2\repository\jakarta\xml\bind\jakarta.xml.bind-api\2.3.2\jakarta.xml.bind-api-2.3.2.jar;C:\Users\costrategix\.m2\repository\jakarta\activation\jakarta.activation-api\1.2.1\jakarta.activation-api-1.2.1.jar;C:\Users\costrategix\.m2\repository\com\sun\xml\bind\jaxb-osgi\2.3.0.1\jaxb-osgi-2.3.0.1.jar;C:\Users\costrategix\.m2\repository\org\apache\sling\org.apache.sling.javax.activation\0.1.0\org.apache.sling.javax.activation-0.1.0.jar;C:\Users\costrategix\.m2\repository\javax\activation\activation\1.1.1\activation-1.1.1.jar;C:\Users\costrategix\.m2\repository\io\rest-assured\json-schema-validator\4.3.0\json-schema-validator-4.3.0.jar;C:\Users\costrategix\.m2\repository\com\github\java-json-tools\json-schema-validator\2.2.10\json-schema-validator-2.2.10.jar;C:\Users\costrategix\.m2\repository\com\github\java-json-tools\json-schema-core\1.2.10\json-schema-core-1.2.10.jar;C:\Users\costrategix\.m2\repository\com\github\java-json-tools\jackson-coreutils\1.9\jackson-coreutils-1.9.jar;C:\Users\costrategix\.m2\repository\com\github\fge\msg-simple\1.1\msg-simple-1.1.jar;C:\Users\costrategix\.m2\repository\com\github\fge\btf\1.2\btf-1.2.jar;C:\Users\costrategix\.m2\repository\com\github\fge\uri-template\0.9\uri-template-0.9.jar;C:\Users\costrategix\.m2\repository\org\mozilla\rhino\1.7.7.1\rhino-1.7.7.1.jar;C:\Users\costrategix\.m2\repository\javax\mail\mailapi\1.4.3\mailapi-1.4.3.jar;C:\Users\costrategix\.m2\repository\joda-time\joda-time\2.9.7\joda-time-2.9.7.jar;C:\Users\costrategix\.m2\repository\com\googlecode\libphonenumber\libphonenumber\8.0.0\libphonenumber-8.0.0.jar;C:\Users\costrategix\.m2\repository\com\google\code\findbugs\jsr305\3.0.1\jsr305-3.0.1.jar;C:\Users\costrategix\.m2\repository\net\sf\jopt-simple\jopt-simple\5.0.3\jopt-simple-5.0.3.jar;C:\Users\costrategix\.m2\repository\org\hamcrest\hamcrest\2.1\hamcrest-2.1.jar;C:\Users\costrategix\.m2\repository\org\testng\testng\7.1.0\testng-7.1.0.jar;C:\Users\costrategix\.m2\repository\com\beust\jcommander\1.72\jcommander-1.72.jar;C:\Users\costrategix\.m2\repository\com\google\inject\guice\4.1.0\guice-4.1.0-no_aop.jar;C:\Users\costrategix\.m2\repository\javax\inject\javax.inject\1\javax.inject-1.jar;C:\Users\costrategix\.m2\repository\aopalliance\aopalliance\1.0\aopalliance-1.0.jar;C:\Users\costrategix\.m2\repository\com\google\guava\guava\19.0\guava-19.0.jar;C:\Users\costrategix\.m2\repository\org\yaml\snakeyaml\1.21\snakeyaml-1.21.jar;C:\Users\costrategix\.m2\repository\org\apache\logging\log4j\log4j-api\2.13.3\log4j-api-2.13.3.jar;C:\Users\costrategix\.m2\repository\org\apache\logging\log4j\log4j-core\2.13.3\log4j-core-2.13.3.jar;C:\Users\costrategix\.m2\repository\org\apache\poi\poi\4.1.2\poi-4.1.2.jar;C:\Users\costrategix\.m2\repository\commons-codec\commons-codec\1.13\commons-codec-1.13.jar;C:\Users\costrategix\.m2\repository\org\apache\commons\commons-collections4\4.4\commons-collections4-4.4.jar;C:\Users\costrategix\.m2\repository\org\apache\commons\commons-math3\3.6.1\commons-math3-3.6.1.jar;C:\Users\costrategix\.m2\repository\com\zaxxer\SparseBitSet\1.2\SparseBitSet-1.2.jar;C:\Users\costrategix\.m2\repository\org\apache\poi\poi-ooxml\4.1.2\poi-ooxml-4.1.2.jar;C:\Users\costrategix\.m2\repository\org\apache\poi\poi-ooxml-schemas\4.1.2\poi-ooxml-schemas-4.1.2.jar;C:\Users\costrategix\.m2\repository\org\apache\xmlbeans\xmlbeans\3.1.0\xmlbeans-3.1.0.jar;C:\Users\costrategix\.m2\repository\org\apache\commons\commons-compress\1.19\commons-compress-1.19.jar;C:\Users\costrategix\.m2\repository\com\github\virtuald\curvesapi\1.06\curvesapi-1.06.jar;C:\Users\costrategix\.m2\repository\commons-io\commons-io\1.3.2\commons-io-1.3.2.jar;C:\Users\costrategix\.m2\repository\org\apache\commons\commons-csv\1.5\commons-csv-1.5.jar;C:\Users\costrategix\.m2\repository\com\fasterxml\jackson\core\jackson-databind\2.9.8\jackson-databind-2.9.8.jar;C:\Users\costrategix\.m2\repository\com\fasterxml\jackson\core\jackson-annotations\2.9.0\jackson-annotations-2.9.0.jar;C:\Users\costrategix\.m2\repository\com\fasterxml\jackson\core\jackson-core\2.9.8\jackson-core-2.9.8.jar;C:\Users\costrategix\.m2\repository\org\json\json\20160810\json-20160810.jar;C:\Users\costrategix\.m2\repository\com\googlecode\json-simple\json-simple\1.1.1\json-simple-1.1.1.jar;"/>
    <property name="java.vm.vendor" value="Oracle Corporation"/>
    <property name="sun.arch.data.model" value="64"/>
    <property name="user.variant" value=""/>
    <property name="java.vendor.url" value="http://java.oracle.com/"/>
    <property name="user.timezone" value="Asia/Calcutta"/>
    <property name="java.vm.specification.version" value="1.8"/>
    <property name="os.name" value="Windows 10"/>
    <property name="user.country" value="IN"/>
    <property name="sun.java.launcher" value="SUN_STANDARD"/>
    <property name="sun.boot.library.path" value="C:\Program Files\Java\jdk1.8.0_241\jre\bin"/>
    <property name="sun.java.command" value="C:\Users\costrategix\AppData\Local\Temp\surefire2271263357791133565\surefirebooter1693897401568119262.jar C:\Users\costrategix\AppData\Local\Temp\surefire2271263357791133565 2020-06-25T14-13-08_452-jvmRun1 surefire5027262071324188123tmp surefire_03641675230975097796tmp"/>
    <property name="surefire.test.class.path" value="D:\automation\Rest_Assured\target\test-classes;D:\automation\Rest_Assured\target\classes;C:\Users\costrategix\.m2\repository\mysql\mysql-connector-java\8.0.20\mysql-connector-java-8.0.20.jar;C:\Users\costrategix\.m2\repository\com\google\protobuf\protobuf-java\3.6.1\protobuf-java-3.6.1.jar;C:\Users\costrategix\.m2\repository\junit\junit\4.12\junit-4.12.jar;C:\Users\costrategix\.m2\repository\org\hamcrest\hamcrest-core\1.3\hamcrest-core-1.3.jar;C:\Users\costrategix\.m2\repository\io\rest-assured\rest-assured\3.3.0\rest-assured-3.3.0.jar;C:\Users\costrategix\.m2\repository\org\codehaus\groovy\groovy\2.4.15\groovy-2.4.15.jar;C:\Users\costrategix\.m2\repository\org\codehaus\groovy\groovy-xml\2.4.15\groovy-xml-2.4.15.jar;C:\Users\costrategix\.m2\repository\org\apache\httpcomponents\httpclient\4.5.3\httpclient-4.5.3.jar;C:\Users\costrategix\.m2\repository\org\apache\httpcomponents\httpcore\4.4.6\httpcore-4.4.6.jar;C:\Users\costrategix\.m2\repository\commons-logging\commons-logging\1.2\commons-logging-1.2.jar;C:\Users\costrategix\.m2\repository\org\apache\httpcomponents\httpmime\4.5.3\httpmime-4.5.3.jar;C:\Users\costrategix\.m2\repository\org\hamcrest\hamcrest-library\1.3\hamcrest-library-1.3.jar;C:\Users\costrategix\.m2\repository\org\ccil\cowan\tagsoup\tagsoup\1.2.1\tagsoup-1.2.1.jar;C:\Users\costrategix\.m2\repository\io\rest-assured\json-path\4.3.0\json-path-4.3.0.jar;C:\Users\costrategix\.m2\repository\org\codehaus\groovy\groovy-json\3.0.2\groovy-json-3.0.2.jar;C:\Users\costrategix\.m2\repository\io\rest-assured\rest-assured-common\4.3.0\rest-assured-common-4.3.0.jar;C:\Users\costrategix\.m2\repository\io\rest-assured\xml-path\4.3.0\xml-path-4.3.0.jar;C:\Users\costrategix\.m2\repository\org\apache\commons\commons-lang3\3.4\commons-lang3-3.4.jar;C:\Users\costrategix\.m2\repository\jakarta\xml\bind\jakarta.xml.bind-api\2.3.2\jakarta.xml.bind-api-2.3.2.jar;C:\Users\costrategix\.m2\repository\jakarta\activation\jakarta.activation-api\1.2.1\jakarta.activation-api-1.2.1.jar;C:\Users\costrategix\.m2\repository\com\sun\xml\bind\jaxb-osgi\2.3.0.1\jaxb-osgi-2.3.0.1.jar;C:\Users\costrategix\.m2\repository\org\apache\sling\org.apache.sling.javax.activation\0.1.0\org.apache.sling.javax.activation-0.1.0.jar;C:\Users\costrategix\.m2\repository\javax\activation\activation\1.1.1\activation-1.1.1.jar;C:\Users\costrategix\.m2\repository\io\rest-assured\json-schema-validator\4.3.0\json-schema-validator-4.3.0.jar;C:\Users\costrategix\.m2\repository\com\github\java-json-tools\json-schema-validator\2.2.10\json-schema-validator-2.2.10.jar;C:\Users\costrategix\.m2\repository\com\github\java-json-tools\json-schema-core\1.2.10\json-schema-core-1.2.10.jar;C:\Users\costrategix\.m2\repository\com\github\java-json-tools\jackson-coreutils\1.9\jackson-coreutils-1.9.jar;C:\Users\costrategix\.m2\repository\com\github\fge\msg-simple\1.1\msg-simple-1.1.jar;C:\Users\costrategix\.m2\repository\com\github\fge\btf\1.2\btf-1.2.jar;C:\Users\costrategix\.m2\repository\com\github\fge\uri-template\0.9\uri-template-0.9.jar;C:\Users\costrategix\.m2\repository\org\mozilla\rhino\1.7.7.1\rhino-1.7.7.1.jar;C:\Users\costrategix\.m2\repository\javax\mail\mailapi\1.4.3\mailapi-1.4.3.jar;C:\Users\costrategix\.m2\repository\joda-time\joda-time\2.9.7\joda-time-2.9.7.jar;C:\Users\costrategix\.m2\repository\com\googlecode\libphonenumber\libphonenumber\8.0.0\libphonenumber-8.0.0.jar;C:\Users\costrategix\.m2\repository\com\google\code\findbugs\jsr305\3.0.1\jsr305-3.0.1.jar;C:\Users\costrategix\.m2\repository\net\sf\jopt-simple\jopt-simple\5.0.3\jopt-simple-5.0.3.jar;C:\Users\costrategix\.m2\repository\org\hamcrest\hamcrest\2.1\hamcrest-2.1.jar;C:\Users\costrategix\.m2\repository\org\testng\testng\7.1.0\testng-7.1.0.jar;C:\Users\costrategix\.m2\repository\com\beust\jcommander\1.72\jcommander-1.72.jar;C:\Users\costrategix\.m2\repository\com\google\inject\guice\4.1.0\guice-4.1.0-no_aop.jar;C:\Users\costrategix\.m2\repository\javax\inject\javax.inject\1\javax.inject-1.jar;C:\Users\costrategix\.m2\repository\aopalliance\aopalliance\1.0\aopalliance-1.0.jar;C:\Users\costrategix\.m2\repository\com\google\guava\guava\19.0\guava-19.0.jar;C:\Users\costrategix\.m2\repository\org\yaml\snakeyaml\1.21\snakeyaml-1.21.jar;C:\Users\costrategix\.m2\repository\org\apache\logging\log4j\log4j-api\2.13.3\log4j-api-2.13.3.jar;C:\Users\costrategix\.m2\repository\org\apache\logging\log4j\log4j-core\2.13.3\log4j-core-2.13.3.jar;C:\Users\costrategix\.m2\repository\org\apache\poi\poi\4.1.2\poi-4.1.2.jar;C:\Users\costrategix\.m2\repository\commons-codec\commons-codec\1.13\commons-codec-1.13.jar;C:\Users\costrategix\.m2\repository\org\apache\commons\commons-collections4\4.4\commons-collections4-4.4.jar;C:\Users\costrategix\.m2\repository\org\apache\commons\commons-math3\3.6.1\commons-math3-3.6.1.jar;C:\Users\costrategix\.m2\repository\com\zaxxer\SparseBitSet\1.2\SparseBitSet-1.2.jar;C:\Users\costrategix\.m2\repository\org\apache\poi\poi-ooxml\4.1.2\poi-ooxml-4.1.2.jar;C:\Users\costrategix\.m2\repository\org\apache\poi\poi-ooxml-schemas\4.1.2\poi-ooxml-schemas-4.1.2.jar;C:\Users\costrategix\.m2\repository\org\apache\xmlbeans\xmlbeans\3.1.0\xmlbeans-3.1.0.jar;C:\Users\costrategix\.m2\repository\org\apache\commons\commons-compress\1.19\commons-compress-1.19.jar;C:\Users\costrategix\.m2\repository\com\github\virtuald\curvesapi\1.06\curvesapi-1.06.jar;C:\Users\costrategix\.m2\repository\commons-io\commons-io\1.3.2\commons-io-1.3.2.jar;C:\Users\costrategix\.m2\repository\org\apache\commons\commons-csv\1.5\commons-csv-1.5.jar;C:\Users\costrategix\.m2\repository\com\fasterxml\jackson\core\jackson-databind\2.9.8\jackson-databind-2.9.8.jar;C:\Users\costrategix\.m2\repository\com\fasterxml\jackson\core\jackson-annotations\2.9.0\jackson-annotations-2.9.0.jar;C:\Users\costrategix\.m2\repository\com\fasterxml\jackson\core\jackson-core\2.9.8\jackson-core-2.9.8.jar;C:\Users\costrategix\.m2\repository\org\json\json\20160810\json-20160810.jar;C:\Users\costrategix\.m2\repository\com\googlecode\json-simple\json-simple\1.1.1\json-simple-1.1.1.jar;"/>
    <property name="sun.cpu.endian" value="little"/>
    <property name="user.home" value="C:\Users\costrategix"/>
    <property name="user.language" value="en"/>
    <property name="java.specification.vendor" value="Oracle Corporation"/>
    <property name="java.home" value="C:\Program Files\Java\jdk1.8.0_241\jre"/>
    <property name="basedir" value="D:\automation\Rest_Assured"/>
    <property name="file.separator" value="\"/>
    <property name="line.separator" value="&#10;"/>
    <property name="java.vm.specification.vendor" value="Oracle Corporation"/>
    <property name="java.specification.name" value="Java Platform API Specification"/>
    <property name="java.awt.graphicsenv" value="sun.awt.Win32GraphicsEnvironment"/>
    <property name="surefire.real.class.path" value="C:\Users\costrategix\AppData\Local\Temp\surefire2271263357791133565\surefirebooter1693897401568119262.jar"/>
    <property name="sun.boot.class.path" value="C:\Program Files\Java\jdk1.8.0_241\jre\lib\resources.jar;C:\Program Files\Java\jdk1.8.0_241\jre\lib\rt.jar;C:\Program Files\Java\jdk1.8.0_241\jre\lib\sunrsasign.jar;C:\Program Files\Java\jdk1.8.0_241\jre\lib\jsse.jar;C:\Program Files\Java\jdk1.8.0_241\jre\lib\jce.jar;C:\Program Files\Java\jdk1.8.0_241\jre\lib\charsets.jar;C:\Program Files\Java\jdk1.8.0_241\jre\lib\jfr.jar;C:\Program Files\Java\jdk1.8.0_241\jre\classes"/>
    <property name="user.script" value=""/>
    <property name="sun.management.compiler" value="HotSpot 64-Bit Tiered Compilers"/>
    <property name="java.runtime.version" value="1.8.0_241-b07"/>
    <property name="user.name" value="costrategix"/>
    <property name="path.separator" value=";"/>
    <property name="os.version" value="10.0"/>
    <property name="java.endorsed.dirs" value="C:\Program Files\Java\jdk1.8.0_241\jre\lib\endorsed"/>
    <property name="java.runtime.name" value="Java(TM) SE Runtime Environment"/>
    <property name="file.encoding" value="Cp1252"/>
    <property name="java.vm.name" value="Java HotSpot(TM) 64-Bit Server VM"/>
    <property name="localRepository" value="C:\Users\costrategix\.m2\repository"/>
    <property name="java.vendor.url.bug" value="http://bugreport.sun.com/bugreport/"/>
    <property name="java.io.tmpdir" value="C:\Users\COSTRA~1\AppData\Local\Temp\"/>
    <property name="java.version" value="1.8.0_241"/>
    <property name="user.dir" value="D:\automation\Rest_Assured"/>
    <property name="os.arch" value="amd64"/>
    <property name="java.vm.specification.name" value="Java Virtual Machine Specification"/>
    <property name="java.awt.printerjob" value="sun.awt.windows.WPrinterJob"/>
    <property name="sun.os.patch.level" value=""/>
    <property name="java.library.path" value="C:\Program Files\Java\jdk1.8.0_241\jre\bin;C:\Windows\Sun\Java\bin;C:\Windows\system32;C:\Windows;C:\Program Files (x86)\Common Files\Oracle\Java\javapath;C:\Windows\system32;C:\Windows;C:\Windows\System32\Wbem;C:\Windows\System32\WindowsPowerShell\v1.0\;C:\Windows\System32\OpenSSH\;C:\Program Files (x86)\Microsoft SQL Server\150\DTS\Binn\;C:\Program Files\PuTTY\;C:\Program Files\Java\jdk1.8.0_241\bin;C:\Program Files\dotnet\;C:\Program Files\Git\cmd;D:\apache-maven-3.6.3-bin\apache-maven-3.6.3\bin;C:\Program Files\Java\jdk1.8.0_241\bin;C:\Users\costrategix\AppData\Local\Programs\Python\Python38\Scripts\;C:\Users\costrategix\AppData\Local\Programs\Python\Python38\;C:\Users\costrategix\AppData\Local\Microsoft\WindowsApps;;C:\Users\costrategix\AppData\Local\Programs\Microsoft VS Code\bin;."/>
    <property name="java.vm.info" value="mixed mode"/>
    <property name="java.vendor" value="Oracle Corporation"/>
    <property name="java.vm.version" value="25.241-b07"/>
    <property name="java.ext.dirs" value="C:\Program Files\Java\jdk1.8.0_241\jre\lib\ext;C:\Windows\Sun\Java\lib\ext"/>
    <property name="sun.io.unicode.encoding" value="UnicodeLittle"/>
    <property name="java.class.version" value="52.0"/>
  </properties>
  <testcase name="valideteGetProfile" classname="API_Automation.Rest_Assured.GetProfile_Test" time="8.995">
    <system-out><![CDATA[Inside GetProfile_Test
]]></system-out>
  </testcase>
  <testcase name="validateRole" classname="API_Automation.Rest_Assured.GetProfile_Test" time="0.043">
    <system-out><![CDATA[role : io.restassured.internal.RestAssuredResponseImpl@21f8e55f
]]></system-out>
  </testcase>
  <testcase name="validateFirstAndLastName" classname="API_Automation.Rest_Assured.GetProfile_Test" time="0.001">
    <system-out><![CDATA[first name ast name : io.restassured.internal.RestAssuredResponseImpl@21f8e55f
]]></system-out>
  </testcase>
  <testcase name="validateActiveFlag" classname="API_Automation.Rest_Assured.GetProfile_Test" time="0.004">
    <system-out><![CDATA[active_flag : io.restassured.internal.RestAssuredResponseImpl@21f8e55f
]]></system-out>
  </testcase>
  <testcase name="validateEmail" classname="API_Automation.Rest_Assured.GetProfile_Test" time="0.003">
    <system-out><![CDATA[email : io.restassured.internal.RestAssuredResponseImpl@21f8e55f
]]></system-out>
  </testcase>
  <testcase name="validateGetProfileResponseTime" classname="API_Automation.Rest_Assured.GetProfile_Test" time="0"/>
  <testcase name="test" classname="API_Automation.Rest_Assured.AppTest" time="0.022">
    <system-out><![CDATA[Inside AppTest
[currentStatus=2, groupId=1, comment=send for price update, varianceIdsList=[7], previousStatus=1]
{"currentStatus":2,"groupId":1,"comment":"send for price update","varianceIdsList":[7],"previousStatus":1}
]]></system-out>
  </testcase>
  <testcase name="validateChangeStatus" classname="API_Automation.Rest_Assured.StatusChange_Test" time="8.051">
    <system-out><![CDATA[16639
Inside StatusChange_Test
]]></system-out>
  </testcase>
  <testcase name="validateVarianceId" classname="API_Automation.Rest_Assured.StatusChange_Test" time="6.444"/>
  <testcase name="validateStatusResponseTime" classname="API_Automation.Rest_Assured.StatusChange_Test" time="0.003"/>
  <testcase name="getGroups" classname="API_Automation.Rest_Assured.GetGroups_Test" time="7.39">
    <system-out><![CDATA[Inside GetGroups_Test
[1400 - Florida Division, 1600 - Coastal Carolina Division, 1700 - Southeast Division, 1800 - Rocky Mountain Division, 1900 - Gulf Coast Division, 2800 - Texas Division, 4100 - Midwest Division, Great Lakes]
[1400 - Florida Division, 1600 - Coastal Carolina Division, 1700 - Southeast Division, 1800 - Rocky Mountain Division, 1900 - Gulf Coast Division, 2800 - Texas Division, 4100 - Midwest Division, Great Lakes]
]]></system-out>
  </testcase>
  <testcase name="validateStoreGroupList" classname="API_Automation.Rest_Assured.GetGroups_Test" time="0.022">
    <system-out><![CDATA[[1400 - Florida Division, 1600 - Coastal Carolina Division, 1700 - Southeast Division, 1800 - Rocky Mountain Division, 1900 - Gulf Coast Division, 2800 - Texas Division, 4100 - Midwest Division, Great Lakes]
[1400 - Florida Division, 1600 - Coastal Carolina Division, 1700 - Southeast Division, 1800 - Rocky Mountain Division, 1900 - Gulf Coast Division, 2800 - Texas Division, 4100 - Midwest Division, Great Lakes]
]]></system-out>
  </testcase>
  <testcase name="validateStoreGroupResponseTime" classname="API_Automation.Rest_Assured.GetGroups_Test" time="0"/>
  <testcase name="validateGetUser" classname="API_Automation.Rest_Assured.GetUSers_Test" time="2.394">
    <system-out><![CDATA[Inside GetUSers_Test
]]></system-out>
  </testcase>
  <testcase name="validatEmailList" classname="API_Automation.Rest_Assured.GetUSers_Test" time="0.003"/>
  <testcase name="validatNameList" classname="API_Automation.Rest_Assured.GetUSers_Test" time="0"/>
  <testcase name="validateGetUserResponseTime" classname="API_Automation.Rest_Assured.GetUSers_Test" time="0"/>
</testsuite>