<?xml version="1.0" encoding="UTF-8"?>
<!-- Generated by org.testng.reporters.JUnitReportReporter -->
<testsuite hostname="DESKTOP-DSRO71I" name="API_Automation.Rest_Assured.GetProfile_Test" tests="5" failures="0" timestamp="25 Jun 2020 06:01:04 GMT" time="0.009" errors="0">
  <testcase name="validateEmail" time="0.001" classname="API_Automation.Rest_Assured.GetProfile_Test"/>
  <testcase name="validateActiveFlag" time="0.004" classname="API_Automation.Rest_Assured.GetProfile_Test"/>
  <testcase name="validateGetProfileResponseTime" time="0.003" classname="API_Automation.Rest_Assured.GetProfile_Test"/>
  <testcase name="validateFirstAndLastName" time="0.001" classname="API_Automation.Rest_Assured.GetProfile_Test"/>
  <testcase name="validateRole" time="0.000" classname="API_Automation.Rest_Assured.GetProfile_Test"/>
</testsuite> <!-- API_Automation.Rest_Assured.GetProfile_Test -->
