<?xml version="1.0" encoding="UTF-8"?>
<!-- Generated by org.testng.reporters.JUnitReportReporter -->
<testsuite hostname="DESKTOP-DSRO71I" name="API_Automation.Rest_Assured.GetUSers_Test" tests="4" failures="0" timestamp="25 Jun 2020 07:29:23 GMT" time="1.682" errors="0">
  <testcase name="validatEmailList" time="0.003" classname="API_Automation.Rest_Assured.GetUSers_Test"/>
  <testcase name="validatNameList" time="0.002" classname="API_Automation.Rest_Assured.GetUSers_Test"/>
  <testcase name="validateGetUser" time="1.673" classname="API_Automation.Rest_Assured.GetUSers_Test"/>
  <testcase name="validateGetUserResponseTime" time="0.004" classname="API_Automation.Rest_Assured.GetUSers_Test"/>
</testsuite> <!-- API_Automation.Rest_Assured.GetUSers_Test -->
