<?xml version="1.0" encoding="UTF-8"?>
<!-- Generated by org.testng.reporters.JUnitReportReporter -->
<testsuite hostname="DESKTOP-DSRO71I" name="API_Automation.Rest_Assured.GetProfile_Test" tests="1" failures="0" timestamp="23 Jun 2020 16:05:38 GMT" time="6.382" errors="0">
  <testcase name="valideteGetProfile" time="6.382" classname="API_Automation.Rest_Assured.GetProfile_Test"/>
</testsuite> <!-- API_Automation.Rest_Assured.GetProfile_Test -->
