<?xml version="1.0" encoding="UTF-8"?>
<!-- Generated by org.testng.reporters.JUnitReportReporter -->
<testsuite hostname="DESKTOP-DSRO71I" name="API_Automation.Rest_Assured.AppTest" tests="1" failures="0" timestamp="22 Jun 2020 17:17:48 GMT" time="0.014" errors="0">
  <testcase name="test" time="0.014" classname="API_Automation.Rest_Assured.AppTest"/>
</testsuite> <!-- API_Automation.Rest_Assured.AppTest -->
