<?xml version="1.0" encoding="UTF-8"?>
<!-- Generated by org.testng.reporters.JUnitReportReporter -->
<testsuite hostname="DESKTOP-DSRO71I" name="API_Automation.Rest_Assured.GetGroups_Test" tests="1" failures="0" timestamp="23 Jun 2020 14:01:53 GMT" time="6.000" errors="0">
  <testcase name="getGroups" time="6.000" classname="API_Automation.Rest_Assured.GetGroups_Test"/>
</testsuite> <!-- API_Automation.Rest_Assured.GetGroups_Test -->
