<?xml version="1.0" encoding="UTF-8"?>
<!-- Generated by org.testng.reporters.JUnitReportReporter -->
<testsuite hostname="DESKTOP-DSRO71I" name="API_Automation.Rest_Assured.GetUSers_Test" tests="1" failures="0" timestamp="23 Jun 2020 14:02:35 GMT" time="1.736" errors="0">
  <testcase name="validateGetUser" time="1.736" classname="API_Automation.Rest_Assured.GetUSers_Test"/>
</testsuite> <!-- API_Automation.Rest_Assured.GetUSers_Test -->
