<?xml version="1.0" encoding="UTF-8"?>
<!-- Generated by org.testng.reporters.JUnitReportReporter -->
<testsuite hostname="DESKTOP-DSRO71I" name="API_Automation.Rest_Assured.GetProfile_Test" tests="1" failures="0" timestamp="21 Jun 2020 16:14:52 GMT" time="7.510" errors="0">
  <testcase name="valideteGetProfile" time="7.510" classname="API_Automation.Rest_Assured.GetProfile_Test"/>
</testsuite> <!-- API_Automation.Rest_Assured.GetProfile_Test -->
