<?xml version="1.0" encoding="UTF-8"?>
<!-- Generated by org.testng.reporters.JUnitReportReporter -->
<testsuite hostname="DESKTOP-DSRO71I" name="API_Automation.Rest_Assured.StatusChange_Test" tests="1" failures="0" timestamp="21 Jun 2020 16:16:57 GMT" time="8.331" errors="0">
  <testcase name="validateChangeStatus" time="8.331" classname="API_Automation.Rest_Assured.StatusChange_Test"/>
</testsuite> <!-- API_Automation.Rest_Assured.StatusChange_Test -->
