<?xml version="1.0" encoding="UTF-8"?>
<!-- Generated by org.testng.reporters.JUnitReportReporter -->
<testsuite skipped="0" hostname="DESKTOP-DSRO71I" name="API_Automation.Rest_Assured.AppTest" tests="1" failures="0" timestamp="2020-06-24T19:22:18 IST" time="0.003" errors="0">
  <testcase name="test" time="0.003" classname="API_Automation.Rest_Assured.AppTest"/>
  <system-out/>
</testsuite> <!-- API_Automation.Rest_Assured.AppTest -->
