<?xml version="1.0" encoding="UTF-8"?>
<!-- Generated by org.testng.reporters.JUnitReportReporter -->
<testsuite skipped="0" hostname="DESKTOP-DSRO71I" name="API_Automation.Rest_Assured.GetUSers_Test" tests="1" failures="0" timestamp="2020-06-24T19:22:18 IST" time="1.750" errors="0">
  <testcase name="validateGetUser" time="1.750" classname="API_Automation.Rest_Assured.GetUSers_Test"/>
  <system-out/>
</testsuite> <!-- API_Automation.Rest_Assured.GetUSers_Test -->
