<?xml version="1.0" encoding="UTF-8"?>
<!-- Generated by org.testng.reporters.JUnitReportReporter -->
<testsuite skipped="0" hostname="DESKTOP-DSRO71I" name="API_Automation.Rest_Assured.GetGroups_Test" tests="1" failures="0" timestamp="2020-06-24T19:22:18 IST" time="4.940" errors="0">
  <testcase name="getGroups" time="4.940" classname="API_Automation.Rest_Assured.GetGroups_Test"/>
  <system-out/>
</testsuite> <!-- API_Automation.Rest_Assured.GetGroups_Test -->
