<?xml version="1.0" encoding="UTF-8"?>
<!-- Generated by org.testng.reporters.JUnitReportReporter -->
<testsuite skipped="0" hostname="DESKTOP-DSRO71I" name="API_Automation.Rest_Assured.GetProfile_Test" tests="6" failures="0" timestamp="2020-06-25T14:13:48 IST" time="9.033" errors="0">
  <testcase name="valideteGetProfile" time="8.990" classname="API_Automation.Rest_Assured.GetProfile_Test"/>
  <system-out/>
  <testcase name="validateRole" time="0.039" classname="API_Automation.Rest_Assured.GetProfile_Test"/>
  <system-out/>
  <testcase name="validateFirstAndLastName" time="0.001" classname="API_Automation.Rest_Assured.GetProfile_Test"/>
  <system-out/>
  <testcase name="validateActiveFlag" time="0.000" classname="API_Automation.Rest_Assured.GetProfile_Test"/>
  <system-out/>
  <testcase name="validateEmail" time="0.000" classname="API_Automation.Rest_Assured.GetProfile_Test"/>
  <system-out/>
  <testcase name="validateGetProfileResponseTime" time="0.003" classname="API_Automation.Rest_Assured.GetProfile_Test"/>
  <system-out/>
</testsuite> <!-- API_Automation.Rest_Assured.GetProfile_Test -->
