<?xml version="1.0" encoding="UTF-8"?>
<!-- Generated by org.testng.reporters.JUnitReportReporter -->
<testsuite skipped="0" hostname="DESKTOP-DSRO71I" name="API_Automation.Rest_Assured.GetGroups_Test" tests="3" failures="0" timestamp="2020-06-25T14:13:48 IST" time="7.336" errors="0">
  <testcase name="validateStoreGroupList" time="0.002" classname="API_Automation.Rest_Assured.GetGroups_Test"/>
  <system-out/>
  <testcase name="validateStoreGroupResponseTime" time="0.002" classname="API_Automation.Rest_Assured.GetGroups_Test"/>
  <system-out/>
  <testcase name="getGroups" time="7.332" classname="API_Automation.Rest_Assured.GetGroups_Test"/>
  <system-out/>
</testsuite> <!-- API_Automation.Rest_Assured.GetGroups_Test -->
