<?xml version="1.0" encoding="UTF-8"?>
<!-- Generated by org.testng.reporters.JUnitReportReporter -->
<testsuite skipped="0" hostname="DESKTOP-DSRO71I" name="API_Automation.Rest_Assured.StatusChange_Test" tests="3" failures="0" timestamp="2020-06-25T14:13:48 IST" time="14.501" errors="0">
  <testcase name="validateChangeStatus" time="8.052" classname="API_Automation.Rest_Assured.StatusChange_Test"/>
  <system-out/>
  <testcase name="validateVarianceId" time="6.448" classname="API_Automation.Rest_Assured.StatusChange_Test"/>
  <system-out/>
  <testcase name="validateStatusResponseTime" time="0.001" classname="API_Automation.Rest_Assured.StatusChange_Test"/>
  <system-out/>
</testsuite> <!-- API_Automation.Rest_Assured.StatusChange_Test -->
