<?xml version="1.0" encoding="UTF-8"?>
<!-- Generated by org.testng.reporters.JUnitReportReporter -->
<testsuite skipped="0" hostname="DESKTOP-DSRO71I" name="API_Automation.Rest_Assured.GetUSers_Test" tests="4" failures="0" timestamp="2020-06-25T14:13:48 IST" time="2.466" errors="0">
  <testcase name="validateGetUser" time="2.462" classname="API_Automation.Rest_Assured.GetUSers_Test"/>
  <system-out/>
  <testcase name="validatEmailList" time="0.003" classname="API_Automation.Rest_Assured.GetUSers_Test"/>
  <system-out/>
  <testcase name="validatNameList" time="0.000" classname="API_Automation.Rest_Assured.GetUSers_Test"/>
  <system-out/>
  <testcase name="validateGetUserResponseTime" time="0.001" classname="API_Automation.Rest_Assured.GetUSers_Test"/>
  <system-out/>
</testsuite> <!-- API_Automation.Rest_Assured.GetUSers_Test -->
